<?xml version="1.0" encoding="UTF-8" ?>
<testsuite tests="6" failures="1" name="TestSelectByMethod" time="7.986" errors="0" skipped="0">
  <properties>
[...]
</properties>
  <testcase classname="TestSelectByMethod" name="test2_DataLogByMethod" time="1.459"/>
  <testcase classname="TestSelectByMethod" name="test1_ALUByMethod" time="1.301"/>
  <testcase classname="TestSelectByMethod" name="test5_MoreTriangleByMethod" time="1.286"/>
  <testcase classname="TestSelectByMethod" name="test3_BinaryHeapByMethod" time="1.335"/>
  <testcase classname="TestSelectByMethod" name="test4_NextDayByMethod" time="1.371">
    <failure message="expected:&lt;41&gt; but was:&lt;22&gt;" type="java.lang.AssertionError">java.lang.AssertionError: expected:&lt;41&gt; but was:&lt;22&gt;
	at org.junit.Assert.fail(Assert.java:88)
	at org.junit.Assert.failNotEquals(Assert.java:834)
	at org.junit.Assert.assertEquals(Assert.java:645)
	at org.junit.Assert.assertEquals(Assert.java:631)
	at TestSelectByMethod.test4_NextDayByMethod(TestSelectByMethod.java:168)
	at java.base/jdk.internal.reflect.NativeMethodAccessorImpl.invoke0(Native Method)
	at java.base/jdk.internal.reflect.NativeMethodAccessorImpl.invoke(NativeMethodAccessorImpl.java:62)
	at java.base/jdk.internal.reflect.DelegatingMethodAccessorImpl.invoke(DelegatingMethodAccessorImpl.java:43)
	at java.base/java.lang.reflect.Method.invoke(Method.java:566)
	at org.junit.runners.model.FrameworkMethod$1.runReflectiveCall(FrameworkMethod.java:50)
	at org.junit.internal.runners.model.ReflectiveCallable.run(ReflectiveCallable.java:12)
	at org.junit.runners.model.FrameworkMethod.invokeExplosively(FrameworkMethod.java:47)
	at org.junit.internal.runners.statements.InvokeMethod.evaluate(InvokeMethod.java:17)
	at org.junit.runners.ParentRunner.runLeaf(ParentRunner.java:325)
	at org.junit.runners.BlockJUnit4ClassRunner.runChild(BlockJUnit4ClassRunner.java:78)
	at org.junit.runners.BlockJUnit4ClassRunner.runChild(BlockJUnit4ClassRunner.java:57)
	at org.junit.runners.ParentRunner$3.run(ParentRunner.java:290)
	at org.junit.runners.ParentRunner$1.schedule(ParentRunner.java:71)
	at org.junit.runners.ParentRunner.runChildren(ParentRunner.java:288)
	at org.junit.runners.ParentRunner.access$000(ParentRunner.java:58)
	at org.junit.runners.ParentRunner$2.evaluate(ParentRunner.java:268)
	at org.junit.runners.ParentRunner.run(ParentRunner.java:363)
	at org.apache.maven.surefire.junit4.JUnit4Provider.execute(JUnit4Provider.java:252)
	at org.apache.maven.surefire.junit4.JUnit4Provider.executeTestSet(JUnit4Provider.java:141)
	at org.apache.maven.surefire.junit4.JUnit4Provider.invoke(JUnit4Provider.java:112)
	at java.base/jdk.internal.reflect.NativeMethodAccessorImpl.invoke0(Native Method)
	at java.base/jdk.internal.reflect.NativeMethodAccessorImpl.invoke(NativeMethodAccessorImpl.java:62)
	at java.base/jdk.internal.reflect.DelegatingMethodAccessorImpl.invoke(DelegatingMethodAccessorImpl.java:43)
	at java.base/java.lang.reflect.Method.invoke(Method.java:566)
	at org.apache.maven.surefire.util.ReflectionUtils.invokeMethodWithArray(ReflectionUtils.java:189)
	at org.apache.maven.surefire.booter.ProviderFactory$ProviderProxy.invoke(ProviderFactory.java:165)
	at org.apache.maven.surefire.booter.ProviderFactory.invokeProvider(ProviderFactory.java:85)
	at org.apache.maven.surefire.booter.ForkedBooter.runSuitesInProcess(ForkedBooter.java:115)
	at org.apache.maven.surefire.booter.ForkedBooter.main(ForkedBooter.java:75)
</failure>
    <system-out>expect:
Lnet/mooctest/CalendarUnitTest net.mooctest.CalendarUnitTest.test0()V
Lnet/mooctest/CalendarUnitTest net.mooctest.CalendarUnitTest.test1()V
Lnet/mooctest/CalendarUnitTest net.mooctest.CalendarUnitTest.test2()V
Lnet/mooctest/DateTest net.mooctest.DateTest.testEquals3()V
Lnet/mooctest/DateTest net.mooctest.DateTest.testEquals4()V
Lnet/mooctest/DateTest net.mooctest.DateTest.testEquals5()V
Lnet/mooctest/DateTest net.mooctest.DateTest.testEquals6()V
Lnet/mooctest/DateTest net.mooctest.DateTest.testIncrement1()V
Lnet/mooctest/DateTest net.mooctest.DateTest.testIncrement2()V
Lnet/mooctest/DateTest net.mooctest.DateTest.testIncrement3()V
Lnet/mooctest/DateTest net.mooctest.DateTest.testPrintDate()V
Lnet/mooctest/DayTest net.mooctest.DayTest.testEquals3()V
Lnet/mooctest/DayTest net.mooctest.DayTest.testEquals4()V
Lnet/mooctest/DayTest net.mooctest.DayTest.testEquals5()V
Lnet/mooctest/DayTest net.mooctest.DayTest.testGetCurrentPos()V
Lnet/mooctest/DayTest net.mooctest.DayTest.testIsValid()V
Lnet/mooctest/DayTest net.mooctest.DayTest.testSetCurrentPos()V
Lnet/mooctest/DayTest net.mooctest.DayTest.testSetDay1()V
Lnet/mooctest/DayTest net.mooctest.DayTest.testSetDay2()V
Lnet/mooctest/DayTest net.mooctest.DayTest.testSetDay3()V
Lnet/mooctest/MonthTest net.mooctest.MonthTest.testEquals1()V
Lnet/mooctest/MonthTest net.mooctest.MonthTest.testEquals3()V
Lnet/mooctest/MonthTest net.mooctest.MonthTest.testEquals4()V
Lnet/mooctest/MonthTest net.mooctest.MonthTest.testGetCurrentPos()V
Lnet/mooctest/MonthTest net.mooctest.MonthTest.testIncrement1()V
Lnet/mooctest/MonthTest net.mooctest.MonthTest.testIncrement2()V
Lnet/mooctest/MonthTest net.mooctest.MonthTest.testIncrement3()V
Lnet/mooctest/MonthTest net.mooctest.MonthTest.testIncrement4()V
Lnet/mooctest/MonthTest net.mooctest.MonthTest.testIncrement5()V
Lnet/mooctest/MonthTest net.mooctest.MonthTest.testIncrement6()V
Lnet/mooctest/MonthTest net.mooctest.MonthTest.testSetCurrentPos()V
Lnet/mooctest/MonthTest net.mooctest.MonthTest.testSetMonth1()V
Lnet/mooctest/MonthTest net.mooctest.MonthTest.testSetMonth2()V
Lnet/mooctest/MonthTest net.mooctest.MonthTest.testSetMonth3()V
Lnet/mooctest/NextdayTest net.mooctest.NextdayTest.test()V
Lnet/mooctest/YearTest net.mooctest.YearTest.testEquals1()V
Lnet/mooctest/YearTest net.mooctest.YearTest.testEquals2()V
Lnet/mooctest/YearTest net.mooctest.YearTest.testGetCurrent()V
Lnet/mooctest/YearTest net.mooctest.YearTest.testSetCurrent()V
Lnet/mooctest/YearTest net.mooctest.YearTest.testSetYear()V
Lnet/mooctest/YearTest net.mooctest.YearTest.testSetYearException()V
---------------------------------------------------------------
actual:
Lnet/mooctest/DateTest net.mooctest.DateTest.testEquals3()V
Lnet/mooctest/DateTest net.mooctest.DateTest.testEquals4()V
Lnet/mooctest/DateTest net.mooctest.DateTest.testEquals5()V
Lnet/mooctest/DateTest net.mooctest.DateTest.testEquals6()V
Lnet/mooctest/DateTest net.mooctest.DateTest.testIncrement1()V
Lnet/mooctest/DateTest net.mooctest.DateTest.testIncrement2()V
Lnet/mooctest/DateTest net.mooctest.DateTest.testIncrement3()V
Lnet/mooctest/DateTest net.mooctest.DateTest.testPrintDate()V
Lnet/mooctest/DayTest net.mooctest.DayTest.testEquals3()V
Lnet/mooctest/DayTest net.mooctest.DayTest.testEquals4()V
Lnet/mooctest/DayTest net.mooctest.DayTest.testEquals5()V
Lnet/mooctest/DayTest net.mooctest.DayTest.testIsValid()V
Lnet/mooctest/DayTest net.mooctest.DayTest.testSetDay1()V
Lnet/mooctest/DayTest net.mooctest.DayTest.testSetDay2()V
Lnet/mooctest/DayTest net.mooctest.DayTest.testSetDay3()V
Lnet/mooctest/MonthTest net.mooctest.MonthTest.testIncrement1()V
Lnet/mooctest/MonthTest net.mooctest.MonthTest.testIncrement2()V
Lnet/mooctest/MonthTest net.mooctest.MonthTest.testIncrement3()V
Lnet/mooctest/MonthTest net.mooctest.MonthTest.testIncrement4()V
Lnet/mooctest/MonthTest net.mooctest.MonthTest.testIncrement5()V
Lnet/mooctest/MonthTest net.mooctest.MonthTest.testIncrement6()V
Lnet/mooctest/NextdayTest net.mooctest.NextdayTest.test()V
=========================================================================================
��ͬ���֣�
ans:
Lnet/mooctest/CalendarUnitTest net.mooctest.CalendarUnitTest.test0()V
Lnet/mooctest/CalendarUnitTest net.mooctest.CalendarUnitTest.test1()V
Lnet/mooctest/CalendarUnitTest net.mooctest.CalendarUnitTest.test2()V
Lnet/mooctest/DayTest net.mooctest.DayTest.testGetCurrentPos()V
Lnet/mooctest/DayTest net.mooctest.DayTest.testSetCurrentPos()V
Lnet/mooctest/MonthTest net.mooctest.MonthTest.testEquals1()V
Lnet/mooctest/MonthTest net.mooctest.MonthTest.testEquals3()V
Lnet/mooctest/MonthTest net.mooctest.MonthTest.testEquals4()V
Lnet/mooctest/MonthTest net.mooctest.MonthTest.testGetCurrentPos()V
Lnet/mooctest/MonthTest net.mooctest.MonthTest.testSetCurrentPos()V
Lnet/mooctest/MonthTest net.mooctest.MonthTest.testSetMonth1()V
Lnet/mooctest/MonthTest net.mooctest.MonthTest.testSetMonth2()V
Lnet/mooctest/MonthTest net.mooctest.MonthTest.testSetMonth3()V
Lnet/mooctest/YearTest net.mooctest.YearTest.testEquals1()V
Lnet/mooctest/YearTest net.mooctest.YearTest.testEquals2()V
Lnet/mooctest/YearTest net.mooctest.YearTest.testGetCurrent()V
Lnet/mooctest/YearTest net.mooctest.YearTest.testSetCurrent()V
Lnet/mooctest/YearTest net.mooctest.YearTest.testSetYear()V
Lnet/mooctest/YearTest net.mooctest.YearTest.testSetYearException()V
---------------------------------------------------------------
select:
</system-out>
  </testcase>
  <testcase classname="TestSelectByMethod" name="test0_CMDByMethod" time="1.234"/>
</testsuite>