<?xml version="1.0" encoding="UTF-8" ?>
<testsuite tests="6" failures="0" name="TestSelectByClass" time="10.128" errors="0" skipped="0">
  <properties>
[...]
</properties>
  <testcase classname="TestSelectByClass" name="test2_DataLogByClass" time="2.822"/>
  <testcase classname="TestSelectByClass" name="test4_NextDayByClass" time="1.618"/>
  <testcase classname="TestSelectByClass" name="test1_ALUByClass" time="1.435"/>
  <testcase classname="TestSelectByClass" name="test3_BinaryHeapByClass" time="1.456"/>
  <testcase classname="TestSelectByClass" name="test5_MoreTriangleByClass" time="1.274"/>
  <testcase classname="TestSelectByClass" name="test0_CMDByClass" time="1.523"/>
</testsuite>