<?xml version="1.0" encoding="UTF-8" ?>
<testsuite tests="6" failures="0" name="TestSelectByMethod" time="9.693" errors="0" skipped="0">
  <properties>
[...]
</properties>
  <testcase classname="TestSelectByMethod" name="test2_DataLogByMethod" time="1.493"/>
  <testcase classname="TestSelectByMethod" name="test1_ALUByMethod" time="1.824"/>
  <testcase classname="TestSelectByMethod" name="test5_MoreTriangleByMethod" time="1.334"/>
  <testcase classname="TestSelectByMethod" name="test3_BinaryHeapByMethod" time="1.854"/>
  <testcase classname="TestSelectByMethod" name="test4_NextDayByMethod" time="1.377"/>
  <testcase classname="TestSelectByMethod" name="test0_CMDByMethod" time="1.811"/>
</testsuite>